[debug] [2026-03-22T13:27:33.391Z] ----------------------------------------------------------------------
[debug] [2026-03-22T13:27:33.394Z] Command:       /home/lzvyahin/.nvm/versions/node/v20.20.1/bin/node /home/lzvyahin/.npm-global/bin/firebase init hosting
[debug] [2026-03-22T13:27:33.394Z] CLI Version:   15.11.0
[debug] [2026-03-22T13:27:33.395Z] Platform:      linux
[debug] [2026-03-22T13:27:33.395Z] Node Version:  v20.20.1
[debug] [2026-03-22T13:27:33.395Z] Time:          Sun Mar 22 2026 15:27:33 GMT+0200 (Eastern European Standard Time)
[debug] [2026-03-22T13:27:33.395Z] ----------------------------------------------------------------------
[debug] 
[info] 
     ######## #### ########  ######## ########     ###     ######  ########
     ##        ##  ##     ## ##       ##     ##  ##   ##  ##       ##
     ######    ##  ########  ######   ########  #########  ######  ######
     ##        ##  ##    ##  ##       ##     ## ##     ##       ## ##
     ##       #### ##     ## ######## ########  ##     ##  ######  ########

You're about to initialize a Firebase project in this directory:

  /home/lzvyahin/Code/Cynefin/blueprints/docs

[info] 
=== Project Setup
[info] 
[info] First, let's associate this project directory with a Firebase project.
[info] You can create multiple project aliases by running firebase use --add, 
[info] 
[debug] [2026-03-22T13:27:38.714Z] > command requires scopes: ["email","openid","https://www.googleapis.com/auth/cloudplatformprojects.readonly","https://www.googleapis.com/auth/firebase","https://www.googleapis.com/auth/cloud-platform"]
[debug] [2026-03-22T13:27:38.716Z] > authorizing via signed-in user (info@autowww.org)
[debug] [2026-03-22T13:27:38.719Z] Checked if tokens are valid: true, expires at: 1774189435235
[debug] [2026-03-22T13:27:38.719Z] Checked if tokens are valid: true, expires at: 1774189435235
[debug] [2026-03-22T13:27:38.725Z] >>> [apiv2][query] GET https://firebase.googleapis.com/v1beta1/availableProjects pageSize=100
[debug] [2026-03-22T13:27:39.977Z] <<< [apiv2][status] GET https://firebase.googleapis.com/v1beta1/availableProjects 200
[debug] [2026-03-22T13:27:39.977Z] <<< [apiv2][body] GET https://firebase.googleapis.com/v1beta1/availableProjects [omitted]
[debug] [2026-03-22T13:27:41.075Z] Checked if tokens are valid: true, expires at: 1774189435235
[debug] [2026-03-22T13:27:41.075Z] Checked if tokens are valid: true, expires at: 1774189435235
[debug] [2026-03-22T13:27:41.075Z] >>> [apiv2][query] POST https://firebase.googleapis.com/v1beta1/projects/forge-sdlc:addFirebase [none]
[debug] [2026-03-22T13:27:41.476Z] <<< [apiv2][status] POST https://firebase.googleapis.com/v1beta1/projects/forge-sdlc:addFirebase 403
[debug] [2026-03-22T13:27:41.476Z] <<< [apiv2][body] POST https://firebase.googleapis.com/v1beta1/projects/forge-sdlc:addFirebase {"error":{"code":403,"message":"The caller does not have permission","status":"PERMISSION_DENIED"}}
[debug] [2026-03-22T13:27:41.478Z] Request to https://firebase.googleapis.com/v1beta1/projects/forge-sdlc:addFirebase had HTTP Error: 403, The caller does not have permission
[debug] [2026-03-22T13:27:41.480Z] FirebaseError: Request to https://firebase.googleapis.com/v1beta1/projects/forge-sdlc:addFirebase had HTTP Error: 403, The caller does not have permission
    at responseToError (/home/lzvyahin/.npm-global/lib/node_modules/firebase-tools/lib/responseToError.js:53:12)
    at RetryOperation._fn (/home/lzvyahin/.npm-global/lib/node_modules/firebase-tools/lib/apiv2.js:333:77)
    at process.processTicksAndRejections (node:internal/process/task_queues:95:5)
[error] 
[error] Error: Failed to add Firebase to Google Cloud Platform project. See firebase-debug.log for more info.
